<?xml version="1.0" encoding="UTF-8"?>
<!-- Generated by org.testng.reporters.JUnitReportReporter -->
<testsuite hostname="DESKTOP-PH4CHDP" name="com.ui.test.testScripts.testLogin" tests="2" failures="0" timestamp="6 Sep 2017 18:04:11 GMT" time="6.552" errors="0">
  <testcase name="testinvalidLogin" time="0.855" classname="com.ui.test.testScripts.testLogin"/>
  <testcase name="testValidLogin" time="5.697" classname="com.ui.test.testScripts.testLogin"/>
</testsuite> <!-- com.ui.test.testScripts.testLogin -->
