<?xml version="1.0" encoding="UTF-8"?>
<!-- Generated by org.testng.reporters.JUnitReportReporter -->
<testsuite hostname="DESKTOP-PH4CHDP" name="com.ui.test.testScripts.testLogin" tests="1" failures="0" timestamp="9 Jul 2017 17:29:11 GMT" time="5.870" errors="0">
  <testcase name="testValidLogin" time="5.870" classname="com.ui.test.testScripts.testLogin"/>
</testsuite> <!-- com.ui.test.testScripts.testLogin -->
